<?xml version="1.0" encoding="UTF-8"?>
<testng-results ignored="0" total="1" passed="1" failed="0" skipped="0">
  <reporter-output>
  </reporter-output>
  <suite started-at="2023-10-17T14:09:57 IST" name="Default suite" finished-at="2023-10-17T14:10:01 IST" duration-ms="3481">
    <groups>
    </groups>
    <test started-at="2023-10-17T14:09:57 IST" name="Default test" finished-at="2023-10-17T14:10:01 IST" duration-ms="3481">
      <class name="com.facebook.base.BASETEST">
        <test-method is-config="true" signature="InitalizeExtentReport()[pri:0, instance:com.facebook.base.BASETEST@2d901eb0]" started-at="2023-10-17T14:09:57 IST" name="InitalizeExtentReport" finished-at="2023-10-17T14:09:57 IST" duration-ms="323" status="PASS">
          <reporter-output>
          </reporter-output>
        </test-method> <!-- InitalizeExtentReport -->
        <test-method is-config="true" signature="getnameMethod(org.testng.ITestContext)[pri:0, instance:com.facebook.base.BASETEST@2d901eb0]" started-at="2023-10-17T14:09:57 IST" name="getnameMethod" finished-at="2023-10-17T14:09:57 IST" duration-ms="11" status="PASS">
          <params>
            <param index="0">
              <value>
                <![CDATA[org.testng.TestRunner@2d55e826]]>
              </value>
            </param>
          </params>
          <reporter-output>
          </reporter-output>
        </test-method> <!-- getnameMethod -->
        <test-method signature="openBrowser()[pri:0, instance:com.facebook.base.BASETEST@2d901eb0]" started-at="2023-10-17T14:09:57 IST" name="openBrowser" finished-at="2023-10-17T14:10:01 IST" duration-ms="3440" status="PASS">
          <reporter-output>
          </reporter-output>
        </test-method> <!-- openBrowser -->
        <test-method is-config="true" signature="generateTestStatus(java.lang.reflect.Method,org.testng.ITestResult)[pri:0, instance:com.facebook.base.BASETEST@2d901eb0]" started-at="2023-10-17T14:10:01 IST" name="generateTestStatus" finished-at="2023-10-17T14:10:01 IST" duration-ms="5" status="PASS">
          <params>
            <param index="0">
              <value>
                <![CDATA[public static void com.facebook.base.BASETEST.openBrowser()]]>
              </value>
            </param>
            <param index="1">
              <value>
                <![CDATA[[TestResult name=openBrowser status=SUCCESS method=BASETEST.openBrowser()[pri:0, instance:com.facebook.base.BASETEST@2d901eb0] output={null}]]]>
              </value>
            </param>
          </params>
          <reporter-output>
          </reporter-output>
        </test-method> <!-- generateTestStatus -->
        <test-method is-config="true" signature="generateReports()[pri:0, instance:com.facebook.base.BASETEST@2d901eb0]" started-at="2023-10-17T14:10:01 IST" name="generateReports" finished-at="2023-10-17T14:10:01 IST" duration-ms="687" status="PASS">
          <reporter-output>
          </reporter-output>
        </test-method> <!-- generateReports -->
      </class> <!-- com.facebook.base.BASETEST -->
    </test> <!-- Default test -->
  </suite> <!-- Default suite -->
</testng-results>
